oct 22, 2014 11:45:10 AM org.eclipse.birt.report.engine.api.impl.ReportEngine <init>
DETALLADO: ReportEngine created. EngineConfig: EngineConfig: logDest=C:/TICKCLOUD/LOGS;logLevel=FINE;org.eclipse.birt.report.engine.api.EngineConfig.scriptObjects={};BIRT_HOME=C:/Soft/birt-runtime-4_4_0/ReportEngine;org.eclipse.birt.report.engine.api.EngineConfig.emitterConfigs={html=org.eclipse.birt.report.engine.api.HTMLEmitterConfig@628d40b3}; 
oct 22, 2014 11:45:10 AM org.eclipse.birt.report.engine.api.impl.ReportEngine openReportDesign
DETALLADO: ReportEngine.openReportDesign: designName=C:/TICKCLOUD/PLANTILLAS\TIPO1\factura_report.rptdesign 
oct 22, 2014 11:45:10 AM org.eclipse.birt.report.engine.api.impl.ReportEngine createRunAndRenderTask
DETALLADO: ReportEngine.createRunAndRenderTask: reportRunnable=org.eclipse.birt.report.engine.api.impl.ReportRunnable@1cf8a793 
oct 22, 2014 11:45:10 AM org.eclipse.birt.report.engine.api.impl.EngineTask setAppContext
DETALLADO: EngineTask.setAppContext: context=
oct 22, 2014 11:45:10 AM org.eclipse.birt.report.engine.api.impl.EngineTask loggerParamters
DETALLADO: Running the report with paramters: 
oct 22, 2014 11:45:10 AM org.eclipse.birt.report.data.adapter.impl.ModelAdapter adaptDataSet
DETALLADO: handle type: org.eclipse.birt.report.model.api.OdaDataSetHandle
oct 22, 2014 11:45:10 AM org.eclipse.birt.report.data.adapter.impl.ModelAdapter adaptDataSet
DETALLADO: handle type: org.eclipse.birt.report.model.api.OdaDataSetHandle
oct 22, 2014 11:45:10 AM org.eclipse.birt.data.engine.impl.PreparedQuery <init>
DETALLADO: Start to prepare a PreparedQuery.
oct 22, 2014 11:45:10 AM org.eclipse.birt.data.engine.impl.PreparedQuery <init>
DETALLADO: Finished preparing the PreparedQuery.
oct 22, 2014 11:45:10 AM org.eclipse.birt.data.engine.impl.DataEngineImpl prepare
DETALLADO: Finished preparing query.
oct 22, 2014 11:45:10 AM org.eclipse.birt.data.engine.impl.PreparedQuery <init>
DETALLADO: Start to prepare a PreparedQuery.
oct 22, 2014 11:45:10 AM org.eclipse.birt.data.engine.impl.PreparedQuery <init>
DETALLADO: Finished preparing the PreparedQuery.
oct 22, 2014 11:45:10 AM org.eclipse.birt.data.engine.impl.DataEngineImpl prepare
DETALLADO: Finished preparing query.
oct 22, 2014 11:45:10 AM org.eclipse.birt.data.engine.impl.PreparedQuery <init>
DETALLADO: Start to prepare a PreparedQuery.
oct 22, 2014 11:45:10 AM org.eclipse.birt.data.engine.impl.PreparedQuery <init>
DETALLADO: Finished preparing the PreparedQuery.
oct 22, 2014 11:45:10 AM org.eclipse.birt.data.engine.impl.DataEngineImpl prepare
DETALLADO: Finished preparing query.
oct 22, 2014 11:45:10 AM org.eclipse.birt.data.engine.impl.PreparedQuery <init>
DETALLADO: Start to prepare a PreparedQuery.
oct 22, 2014 11:45:10 AM org.eclipse.birt.data.engine.impl.PreparedQuery <init>
DETALLADO: Finished preparing the PreparedQuery.
oct 22, 2014 11:45:10 AM org.eclipse.birt.data.engine.impl.DataEngineImpl prepare
DETALLADO: Finished preparing query.
oct 22, 2014 11:45:10 AM org.eclipse.birt.data.engine.impl.PreparedQuery <init>
DETALLADO: Start to prepare a PreparedQuery.
oct 22, 2014 11:45:10 AM org.eclipse.birt.data.engine.impl.PreparedQuery <init>
DETALLADO: Finished preparing the PreparedQuery.
oct 22, 2014 11:45:10 AM org.eclipse.birt.data.engine.impl.DataEngineImpl prepare
DETALLADO: Finished preparing query.
oct 22, 2014 11:45:10 AM org.eclipse.birt.data.engine.impl.PreparedQuery <init>
DETALLADO: Start to prepare a PreparedQuery.
oct 22, 2014 11:45:10 AM org.eclipse.birt.data.engine.impl.PreparedQuery <init>
DETALLADO: Finished preparing the PreparedQuery.
oct 22, 2014 11:45:10 AM org.eclipse.birt.data.engine.impl.DataEngineImpl prepare
DETALLADO: Finished preparing query.
oct 22, 2014 11:45:10 AM org.eclipse.birt.data.engine.impl.PreparedQuery <init>
DETALLADO: Start to prepare a PreparedQuery.
oct 22, 2014 11:45:10 AM org.eclipse.birt.data.engine.impl.PreparedQuery <init>
DETALLADO: Finished preparing the PreparedQuery.
oct 22, 2014 11:45:10 AM org.eclipse.birt.data.engine.impl.DataEngineImpl prepare
DETALLADO: Finished preparing query.
oct 22, 2014 11:45:10 AM org.eclipse.birt.data.engine.impl.DataEngineImpl prepare
DETALLADO: Finished preparing query.
oct 22, 2014 11:45:10 AM org.eclipse.birt.report.data.oda.jdbc.Connection open
DETALLADO: Connection.open(Properties). connProperties = OdaPropertyConfigId=org.eclipse.birt.report.data.oda.jdbc_Data Source;odaURL=jdbc:mysql://localhost:3306/tickcloud;odaDriverClass=com.mysql.jdbc.Driver;odaPassword=***;odaUser=root;contentBidiFormatStr=ILYNN;metadataBidiFormatStr=ILYNN;
oct 22, 2014 11:45:10 AM org.eclipse.birt.data.engine.executor.DataSourceQuery execute
DETALLADO: ODA query execution time: 0 ms;
   Executed query: select * 
from emisor_factura
oct 22, 2014 11:45:10 AM org.eclipse.birt.data.engine.executor.cache.SmartCacheHelper populateData
INFORMACIÓN: MemoryCache is used
oct 22, 2014 11:45:10 AM org.eclipse.birt.data.engine.executor.cache.SmartCacheHelper populateData
INFORMACIÓN: Time consumed by cache is: 0 second
oct 22, 2014 11:45:10 AM org.eclipse.birt.data.engine.executor.cache.SmartCacheHelper populateData
INFORMACIÓN: MemoryCache is used
oct 22, 2014 11:45:10 AM org.eclipse.birt.data.engine.executor.cache.SmartCacheHelper populateData
INFORMACIÓN: Time consumed by cache is: 0 second
oct 22, 2014 11:45:10 AM org.eclipse.birt.data.engine.impl.QueryResults getResultIterator
DETALLADO: ODI query execution time: 0 ms;
   Executed data set: emisorFacturaDataSet
oct 22, 2014 11:45:10 AM org.eclipse.birt.data.engine.executor.cache.SmartCacheHelper populateData
INFORMACIÓN: MemoryCache is used
oct 22, 2014 11:45:10 AM org.eclipse.birt.data.engine.executor.cache.SmartCacheHelper populateData
INFORMACIÓN: Time consumed by cache is: 0 second
oct 22, 2014 11:45:10 AM org.eclipse.birt.data.engine.impl.QueryResults getResultIterator
DETALLADO: ODI query execution time: 0 ms;
   Executed data set: emisorFacturaDataSet
oct 22, 2014 11:45:10 AM org.eclipse.birt.data.engine.executor.cache.SmartCacheHelper populateData
INFORMACIÓN: MemoryCache is used
oct 22, 2014 11:45:10 AM org.eclipse.birt.data.engine.executor.cache.SmartCacheHelper populateData
INFORMACIÓN: Time consumed by cache is: 0 second
oct 22, 2014 11:45:10 AM org.eclipse.birt.data.engine.impl.QueryResults getResultIterator
DETALLADO: ODI query execution time: 10 ms;
   Executed data set: emisorFacturaDataSet
oct 22, 2014 11:45:10 AM org.eclipse.birt.data.engine.executor.cache.SmartCacheHelper populateData
INFORMACIÓN: MemoryCache is used
oct 22, 2014 11:45:10 AM org.eclipse.birt.data.engine.executor.cache.SmartCacheHelper populateData
INFORMACIÓN: Time consumed by cache is: 0 second
oct 22, 2014 11:45:10 AM org.eclipse.birt.data.engine.impl.QueryResults getResultIterator
DETALLADO: ODI query execution time: 0 ms;
   Executed data set: emisorFacturaDataSet
oct 22, 2014 11:45:10 AM org.eclipse.birt.data.engine.executor.DataSourceQuery execute
DETALLADO: ODA query execution time: 0 ms;
   Executed query: select * from linea_factura where Id_Factura=8
oct 22, 2014 11:45:10 AM org.eclipse.birt.data.engine.executor.cache.SmartCacheHelper populateData
INFORMACIÓN: MemoryCache is used
oct 22, 2014 11:45:10 AM org.eclipse.birt.data.engine.executor.cache.SmartCacheHelper populateData
INFORMACIÓN: Time consumed by cache is: 0 second
oct 22, 2014 11:45:10 AM org.eclipse.birt.data.engine.executor.cache.SmartCacheHelper populateData
INFORMACIÓN: MemoryCache is used
oct 22, 2014 11:45:10 AM org.eclipse.birt.data.engine.executor.cache.SmartCacheHelper populateData
INFORMACIÓN: Time consumed by cache is: 0 second
oct 22, 2014 11:45:10 AM org.eclipse.birt.data.engine.impl.QueryResults getResultIterator
DETALLADO: ODI query execution time: 10 ms;
   Executed data set: lineaFacturaDataSet
oct 22, 2014 11:45:10 AM org.eclipse.birt.data.engine.impl.QueryResults getResultIterator
DETALLADO: ODI query execution time: 10 ms;
   Executed data set: lineaFacturaDataSet
oct 22, 2014 11:45:10 AM org.eclipse.birt.data.engine.impl.QueryResults getResultIterator
DETALLADO: ODI query execution time: 0 ms;
   Executed data set: lineaFacturaDataSet
oct 22, 2014 11:45:10 AM org.eclipse.birt.report.data.oda.jdbc.Connection close
DETALLADO: JDBC connection: com.mysql.jdbc.JDBC4Connection@b6f46e9 is closed
oct 22, 2014 11:45:10 AM org.eclipse.birt.data.engine.impl.DataEngineImpl shutdown
DETALLADO: Data engine shuts down
oct 22, 2014 11:45:10 AM org.eclipse.birt.data.engine.impl.DataEngineImpl shutdown
DETALLADO: Data Engine lifetime: 130 ms
oct 22, 2014 11:45:10 AM org.eclipse.birt.report.engine.api.impl.ReportEngine destroy
DETALLADO: ReportEngine.destroy
